<?xml version="1.0" encoding="UTF-8"?>
<!-- Generated by org.testng.reporters.JUnitXMLReporter -->
<testsuite ignored="0" hostname="DESKTOP-0VETPOP" failures="0" tests="3" name="Default test" time="23.88" errors="0" timestamp="2024-12-28T11:24:39 IST">
  <testcase classname="tests.Login" name="validateLogin" time="2.625"/>
  <testcase classname="tests.Login" name="validateLogin" time="2.27"/>
  <testcase classname="tests.Login" name="validateLogin" time="2.483"/>
</testsuite> <!-- Default test -->
