<?xml version="1.0" encoding="UTF-8"?>
<!-- Generated by org.testng.reporters.JUnitXMLReporter -->
<testsuite ignored="0" hostname="DESKTOP-OSJ3TID" failures="0" tests="3" name="Default test" time="24.579" errors="0" timestamp="2024-12-22T14:06:17 IST">
  <testcase classname="tests.Login" name="validateLogin" time="8.911"/>
  <testcase classname="tests.Login" name="validateLogin" time="3.05"/>
  <testcase classname="tests.Login" name="validateLogin" time="3.47"/>
</testsuite> <!-- Default test -->
