<?xml version="1.0" encoding="UTF-8"?>
<testng-results ignored="0" total="3" passed="3" failed="0" skipped="0">
  <reporter-output>
  </reporter-output>
  <suite started-at="2024-12-22T14:05:53 IST" name="Default suite" finished-at="2024-12-22T14:06:17 IST" duration-ms="24579">
    <groups>
    </groups>
    <test started-at="2024-12-22T14:05:53 IST" name="Default test" finished-at="2024-12-22T14:06:17 IST" duration-ms="24579">
      <class name="tests.Login">
        <test-method is-config="true" signature="openBrowser()[pri:0, instance:tests.Login@41d477ed]" started-at="2024-12-22T14:05:53 IST" name="openBrowser" finished-at="2024-12-22T14:06:00 IST" duration-ms="6811" status="PASS">
          <reporter-output>
          </reporter-output>
        </test-method> <!-- openBrowser -->
        <test-method signature="validateLogin(java.lang.String,java.lang.String)[pri:0, instance:tests.Login@41d477ed]" started-at="2024-12-22T14:06:01 IST" name="validateLogin" data-provider="loginData" finished-at="2024-12-22T14:06:10 IST" duration-ms="8911" status="PASS">
          <params>
            <param index="0">
              <value>
                <![CDATA[Admin]]>
              </value>
            </param>
            <param index="1">
              <value>
                <![CDATA[wrongpass]]>
              </value>
            </param>
          </params>
          <reporter-output>
          </reporter-output>
        </test-method> <!-- validateLogin -->
        <test-method signature="validateLogin(java.lang.String,java.lang.String)[pri:0, instance:tests.Login@41d477ed]" started-at="2024-12-22T14:06:10 IST" name="validateLogin" data-provider="loginData" finished-at="2024-12-22T14:06:13 IST" duration-ms="3050" status="PASS">
          <params>
            <param index="0">
              <value>
                <![CDATA[WrongUser]]>
              </value>
            </param>
            <param index="1">
              <value>
                <![CDATA[admin123]]>
              </value>
            </param>
          </params>
          <reporter-output>
          </reporter-output>
        </test-method> <!-- validateLogin -->
        <test-method signature="validateLogin(java.lang.String,java.lang.String)[pri:0, instance:tests.Login@41d477ed]" started-at="2024-12-22T14:06:13 IST" name="validateLogin" data-provider="loginData" finished-at="2024-12-22T14:06:17 IST" duration-ms="3470" status="PASS">
          <params>
            <param index="0">
              <value>
                <![CDATA[Admin]]>
              </value>
            </param>
            <param index="1">
              <value>
                <![CDATA[admin123]]>
              </value>
            </param>
          </params>
          <reporter-output>
          </reporter-output>
        </test-method> <!-- validateLogin -->
        <test-method is-config="true" signature="closeBrowser()[pri:0, instance:tests.Login@41d477ed]" started-at="2024-12-22T14:06:17 IST" name="closeBrowser" finished-at="2024-12-22T14:06:17 IST" duration-ms="581" status="PASS">
          <reporter-output>
          </reporter-output>
        </test-method> <!-- closeBrowser -->
      </class> <!-- tests.Login -->
    </test> <!-- Default test -->
  </suite> <!-- Default suite -->
</testng-results>
