<?xml version="1.0" encoding="UTF-8"?>
<testng-results ignored="0" total="3" passed="3" failed="0" skipped="0">
  <reporter-output>
  </reporter-output>
  <suite started-at="2024-12-22T20:54:22 IST" name="Default suite" finished-at="2024-12-22T20:54:47 IST" duration-ms="24772">
    <groups>
    </groups>
    <test started-at="2024-12-22T20:54:22 IST" name="Default test" finished-at="2024-12-22T20:54:47 IST" duration-ms="24772">
      <class name="tests.Login">
        <test-method is-config="true" signature="openBrowser()[pri:0, instance:tests.Login@41d477ed]" started-at="2024-12-22T20:54:22 IST" name="openBrowser" finished-at="2024-12-22T20:54:33 IST" duration-ms="11231" status="PASS">
          <reporter-output>
          </reporter-output>
        </test-method> <!-- openBrowser -->
        <test-method signature="validateLogin(java.lang.String,java.lang.String)[pri:0, instance:tests.Login@41d477ed]" started-at="2024-12-22T20:54:34 IST" name="validateLogin" data-provider="loginData" finished-at="2024-12-22T20:54:39 IST" duration-ms="4311" status="PASS">
          <params>
            <param index="0">
              <value>
                <![CDATA[Admin]]>
              </value>
            </param>
            <param index="1">
              <value>
                <![CDATA[wrongpass]]>
              </value>
            </param>
          </params>
          <reporter-output>
          </reporter-output>
        </test-method> <!-- validateLogin -->
        <test-method signature="validateLogin(java.lang.String,java.lang.String)[pri:0, instance:tests.Login@41d477ed]" started-at="2024-12-22T20:54:39 IST" name="validateLogin" data-provider="loginData" finished-at="2024-12-22T20:54:41 IST" duration-ms="2602" status="PASS">
          <params>
            <param index="0">
              <value>
                <![CDATA[WrongUser]]>
              </value>
            </param>
            <param index="1">
              <value>
                <![CDATA[admin123]]>
              </value>
            </param>
          </params>
          <reporter-output>
          </reporter-output>
        </test-method> <!-- validateLogin -->
        <test-method signature="validateLogin(java.lang.String,java.lang.String)[pri:0, instance:tests.Login@41d477ed]" started-at="2024-12-22T20:54:41 IST" name="validateLogin" data-provider="loginData" finished-at="2024-12-22T20:54:46 IST" duration-ms="4895" status="PASS">
          <params>
            <param index="0">
              <value>
                <![CDATA[Admin]]>
              </value>
            </param>
            <param index="1">
              <value>
                <![CDATA[admin123]]>
              </value>
            </param>
          </params>
          <reporter-output>
          </reporter-output>
        </test-method> <!-- validateLogin -->
        <test-method is-config="true" signature="closeBrowser()[pri:0, instance:tests.Login@41d477ed]" started-at="2024-12-22T20:54:46 IST" name="closeBrowser" finished-at="2024-12-22T20:54:47 IST" duration-ms="461" status="PASS">
          <reporter-output>
          </reporter-output>
        </test-method> <!-- closeBrowser -->
      </class> <!-- tests.Login -->
    </test> <!-- Default test -->
  </suite> <!-- Default suite -->
</testng-results>
